moc_VideoOpenGLWidget.obj : error LNK2019: 无法解析的外部符号 "public: void __cdecl cv::Mat::copySize(class cv::Mat const &)" (?copySize@Mat@cv@@QEAAXAEBV12@@Z)，该符号在函数 "public: __cdecl cv::Mat::Mat(class cv::Mat const &)" (??0Mat@cv@@QEAA@AEBV01@@Z) 中被引用
moc_VideoThread.obj : error LNK2001: 无法解析的外部符号 "public: void __cdecl cv::Mat::copySize(class cv::Mat const &)" (?copySize@Mat@cv@@QEAAXAEBV12@@Z)
VideoPlayer.obj : error LNK2001: 无法解析的外部符号 "public: void __cdecl cv::Mat::copySize(class cv::Mat const &)" (?copySize@Mat@cv@@QEAAXAEBV12@@Z)
VideoThread.obj : error LNK2001: 无法解析的外部符号 "public: void __cdecl cv::Mat::copySize(class cv::Mat const &)" (?copySize@Mat@cv@@QEAAXAEBV12@@Z)
moc_VideoThread.obj : error LNK2019: 无法解析的外部符号 "void __cdecl cv::fastFree(void *)" (?fastFree@cv@@YAXPEAX@Z)，该符号在函数 "public: __cdecl cv::Mat::~Mat(void)" (??1Mat@cv@@QEAA@XZ) 中被引用
VideoOpenGLWidget.obj : error LNK2001: 无法解析的外部符号 "void __cdecl cv::fastFree(void *)" (?fastFree@cv@@YAXPEAX@Z)
VideoPlayer.obj : error LNK2001: 无法解析的外部符号 "void __cdecl cv::fastFree(void *)" (?fastFree@cv@@YAXPEAX@Z)
VideoThread.obj : error LNK2001: 无法解析的外部符号 "void __cdecl cv::fastFree(void *)" (?fastFree@cv@@YAXPEAX@Z)
moc_VideoThread.obj : error LNK2019: 无法解析的外部符号 "public: void __cdecl cv::Mat::deallocate(void)" (?deallocate@Mat@cv@@QEAAXXZ)，该符号在函数 "public: void __cdecl cv::Mat::release(void)" (?release@Mat@cv@@QEAAXXZ) 中被引用
VideoOpenGLWidget.obj : error LNK2001: 无法解析的外部符号 "public: void __cdecl cv::Mat::deallocate(void)" (?deallocate@Mat@cv@@QEAAXXZ)
VideoPlayer.obj : error LNK2001: 无法解析的外部符号 "public: void __cdecl cv::Mat::deallocate(void)" (?deallocate@Mat@cv@@QEAAXXZ)
VideoThread.obj : error LNK2001: 无法解析的外部符号 "public: void __cdecl cv::Mat::deallocate(void)" (?deallocate@Mat@cv@@QEAAXXZ)
VideoOpenGLWidget.obj : error LNK2019: 无法解析的外部符号 "void __cdecl cv::resize(class cv::_InputArray const &,class cv::_OutputArray const &,class cv::Size_<int>,double,double,int)" (?resize@cv@@YAXAEBV_InputArray@1@AEBV_OutputArray@1@V?$Size_@H@1@NNH@Z)，该符号在函数 "public: void __cdecl VideoOpenGLWidget::setImage(class cv::Mat)" (?setImage@VideoOpenGLWidget@@QEAAXVMat@cv@@@Z) 中被引用
VideoOpenGLWidget.obj : error LNK2019: 无法解析的外部符号 "void __cdecl cv::cvtColor(class cv::_InputArray const &,class cv::_OutputArray const &,int,int)" (?cvtColor@cv@@YAXAEBV_InputArray@1@AEBV_OutputArray@1@HH@Z)，该符号在函数 "public: void __cdecl VideoOpenGLWidget::setImage(class cv::Mat)" (?setImage@VideoOpenGLWidget@@QEAAXVMat@cv@@@Z) 中被引用
VideoThread.obj : error LNK2019: 无法解析的外部符号 "private: char * __cdecl cv::String::allocate(unsigned __int64)" (?allocate@String@cv@@AEAAPEAD_K@Z)，该符号在函数 "public: __cdecl cv::String::String(class std::basic_string<char,struct std::char_traits<char>,class std::allocator<char> > const &)" (??0String@cv@@QEAA@AEBV?$basic_string@DU?$char_traits@D@std@@V?$allocator@D@2@@std@@@Z) 中被引用
VideoThread.obj : error LNK2019: 无法解析的外部符号 "private: void __cdecl cv::String::deallocate(void)" (?deallocate@String@cv@@AEAAXXZ)，该符号在函数 "public: __cdecl cv::String::~String(void)" (??1String@cv@@QEAA@XZ) 中被引用
VideoThread.obj : error LNK2019: 无法解析的外部符号 "public: __cdecl cv::VideoCapture::VideoCapture(void)" (??0VideoCapture@cv@@QEAA@XZ)，该符号在函数 "void __cdecl `dynamic initializer for 'cap1''(void)" (??__Ecap1@@YAXXZ) 中被引用
VideoThread.obj : error LNK2019: 无法解析的外部符号 "public: virtual __cdecl cv::VideoCapture::~VideoCapture(void)" (??1VideoCapture@cv@@UEAA@XZ)，该符号在函数 "void __cdecl `dynamic atexit destructor for 'cap1''(void)" (??__Fcap1@@YAXXZ) 中被引用
VideoThread.obj : error LNK2019: 无法解析的外部符号 "public: virtual bool __cdecl cv::VideoCapture::open(class cv::String const &)" (?open@VideoCapture@cv@@UEAA_NAEBVString@2@@Z)，该符号在函数 "public: bool __cdecl VideoThread::openVideoFile(class std::basic_string<char,struct std::char_traits<char>,class std::allocator<char> >)" (?openVideoFile@VideoThread@@QEAA_NV?$basic_string@DU?$char_traits@D@std@@V?$allocator@D@2@@std@@@Z) 中被引用
VideoThread.obj : error LNK2019: 无法解析的外部符号 "public: virtual bool __cdecl cv::VideoCapture::isOpened(void)const " (?isOpened@VideoCapture@cv@@UEBA_NXZ)，该符号在函数 "public: bool __cdecl VideoThread::openVideoFile(class std::basic_string<char,struct std::char_traits<char>,class std::allocator<char> >)" (?openVideoFile@VideoThread@@QEAA_NV?$basic_string@DU?$char_traits@D@std@@V?$allocator@D@2@@std@@@Z) 中被引用
VideoThread.obj : error LNK2019: 无法解析的外部符号 "public: virtual bool __cdecl cv::VideoCapture::read(class cv::_OutputArray const &)" (?read@VideoCapture@cv@@UEAA_NAEBV_OutputArray@2@@Z)，该符号在函数 "public: virtual void __cdecl VideoThread::run(void)" (?run@VideoThread@@UEAAXXZ) 中被引用
VideoThread.obj : error LNK2019: 无法解析的外部符号 "public: virtual bool __cdecl cv::VideoCapture::set(int,double)" (?set@VideoCapture@cv@@UEAA_NHN@Z)，该符号在函数 "public: bool __cdecl VideoThread::seek(int)" (?seek@VideoThread@@QEAA_NH@Z) 中被引用
VideoThread.obj : error LNK2019: 无法解析的外部符号 "public: virtual double __cdecl cv::VideoCapture::get(int)const " (?get@VideoCapture@cv@@UEBANH@Z)，该符号在函数 "public: bool __cdecl VideoThread::openVideoFile(class std::basic_string<char,struct std::char_traits<char>,class std::allocator<char> >)" (?openVideoFile@VideoThread@@QEAA_NV?$basic_string@DU?$char_traits@D@std@@V?$allocator@D@2@@std@@@Z) 中被引用
..\..\lib\opencv_world320d.lib : warning LNK4272: 库计算机类型“X86”与目标计算机类型“x64”冲突
..\..\lib\opencv_world320.lib : warning LNK4272: 库计算机类型“X86”与目标计算机类型“x64”冲突
..\..\bin\\VideoPlayer.exe : fatal error LNK1120: 14 个无法解析的外部命令
