f:\cplusplus\videoplayer\src\videoplayer\debug\vc140.pdb
f:\cplusplus\videoplayer\src\videoplayer\debug\videothread.obj
f:\cplusplus\videoplayer\src\videoplayer\debug\videoplayer.obj
f:\cplusplus\videoplayer\src\videoplayer\debug\videoopenglwidget.obj
f:\cplusplus\videoplayer\src\videoplayer\debug\main.obj
f:\cplusplus\videoplayer\src\videoplayer\debug\moc_videothread.obj
f:\cplusplus\videoplayer\src\videoplayer\debug\moc_videoplayer.obj
f:\cplusplus\videoplayer\src\videoplayer\debug\moc_videoopenglwidget.obj
f:\cplusplus\videoplayer\src\videoplayer\debug\qrc_videoplayer.obj
f:\cplusplus\videoplayer\src\videoplayer\generatedfiles\debug\moc_videoplayer.cpp
f:\cplusplus\videoplayer\src\videoplayer\generatedfiles\debug\moc_videothread.cpp
f:\cplusplus\videoplayer\src\videoplayer\generatedfiles\debug\moc_videoopenglwidget.cpp
f:\cplusplus\videoplayer\src\videoplayer\generatedfiles\qrc_videoplayer.cpp
f:\cplusplus\videoplayer\src\videoplayer\generatedfiles\ui_videoopenglwidget.h
f:\cplusplus\videoplayer\src\videoplayer\generatedfiles\ui_videoplayer.h
f:\cplusplus\videoplayer\bin\videoplayer.ilk
f:\cplusplus\videoplayer\bin\videoplayer.exe
f:\cplusplus\videoplayer\bin\videoplayer.pdb
f:\cplusplus\videoplayer\src\videoplayer\..\..\bin\videoplayer.exe
f:\cplusplus\videoplayer\src\videoplayer\debug\videoplayer.tlog\cl.command.1.tlog
f:\cplusplus\videoplayer\src\videoplayer\debug\videoplayer.tlog\cl.read.1.tlog
f:\cplusplus\videoplayer\src\videoplayer\debug\videoplayer.tlog\cl.write.1.tlog
f:\cplusplus\videoplayer\src\videoplayer\debug\videoplayer.tlog\custombuild.command.1.tlog
f:\cplusplus\videoplayer\src\videoplayer\debug\videoplayer.tlog\custombuild.read.1.tlog
f:\cplusplus\videoplayer\src\videoplayer\debug\videoplayer.tlog\custombuild.write.1.tlog
f:\cplusplus\videoplayer\src\videoplayer\debug\videoplayer.tlog\link.command.1.tlog
f:\cplusplus\videoplayer\src\videoplayer\debug\videoplayer.tlog\link.read.1.tlog
f:\cplusplus\videoplayer\src\videoplayer\debug\videoplayer.tlog\link.write.1.tlog
